<?xml version="1.0" encoding="UTF-8"?>
<!-- Generated by org.testng.reporters.JUnitReportReporter -->
<testsuite skipped="0" hostname="DESKTOP-FID49DI" name="com.tests.ReviewsTest" tests="1" failures="0" timestamp="02 May 2022 17:48:32 GMT" time="13.112" errors="0">
  <testcase name="ratingReview_Test" time="13.112" classname="com.tests.ReviewsTest"/>
</testsuite> <!-- com.tests.ReviewsTest -->
